INFO:     Will watch for changes in these directories: ['C:\\Users\\ynobe\\Documents\\GitHub\\Web-Scraping-main\\backend']
INFO:     Uvicorn running on http://127.0.0.1:8000 (Press CTRL+C to quit)
INFO:     Started reloader process [75364] using WatchFiles
INFO:     Started server process [10092]
INFO:     Waiting for application startup.
INFO:     Application startup complete.
WARNING:  WatchFiles detected changes in 'app\main.py'. Reloading...
INFO:     Shutting down
INFO:     Waiting for application shutdown.
INFO:     Application shutdown complete.
INFO:     Finished server process [10092]
INFO:     Started server process [80376]
INFO:     Waiting for application startup.
INFO:     Application startup complete.
WARNING:  WatchFiles detected changes in 'app\main.py'. Reloading...
INFO:     Shutting down
INFO:     Waiting for application shutdown.
INFO:     Application shutdown complete.
INFO:     Finished server process [80376]
INFO:     Started server process [39032]
INFO:     Waiting for application startup.
INFO:     Application startup complete.
